2024-09-17 11:48:11,241 INFO o.h.v.i.u.Version [background-preinit] HV000001: Hibernate Validator 8.0.1.Final
2024-09-17 11:48:11,461 INFO r.d.v.s.ServerApplication [main] Starting ServerApplication using Java 22.0.2 with PID 19184 (C:\Users\ksyyy\OneDrive\Рабочий стол\Y\DNS_vitrina\server\target\classes started by ksyyy in C:\Users\ksyyy\OneDrive\Рабочий стол\Y\DNS_vitrina)
2024-09-17 11:48:11,461 INFO r.d.v.s.ServerApplication [main] No active profile set, falling back to 1 default profile: "default"
2024-09-17 11:48:15,005 INFO o.s.b.w.e.t.TomcatWebServer [main] Tomcat initialized with port 9090 (http)
2024-09-17 11:48:15,021 INFO o.a.c.h.Http11NioProtocol [main] Initializing ProtocolHandler ["http-nio-9090"]
2024-09-17 11:48:15,021 INFO o.a.c.c.StandardService [main] Starting service [Tomcat]
2024-09-17 11:48:15,021 INFO o.a.c.c.StandardEngine [main] Starting Servlet engine: [Apache Tomcat/10.1.26]
2024-09-17 11:48:15,152 INFO o.a.c.c.C.[.[.[/] [main] Initializing Spring embedded WebApplicationContext
2024-09-17 11:48:15,152 INFO o.s.b.w.s.c.ServletWebServerApplicationContext [main] Root WebApplicationContext: initialization completed in 3527 ms
2024-09-17 11:48:15,499 INFO c.z.h.HikariDataSource [main] HikariPool-1 - Starting...
2024-09-17 11:48:15,974 INFO c.z.h.p.HikariPool [main] HikariPool-1 - Added connection conn0: url=jdbc:h2:file:./server/db/dnsDB user=SA
2024-09-17 11:48:15,974 INFO c.z.h.HikariDataSource [main] HikariPool-1 - Start completed.
2024-09-17 11:48:16,822 INFO o.a.c.h.Http11NioProtocol [main] Starting ProtocolHandler ["http-nio-9090"]
2024-09-17 11:48:16,868 INFO o.s.b.w.e.t.TomcatWebServer [main] Tomcat started on port 9090 (http) with context path '/'
2024-09-17 11:48:16,884 INFO r.d.v.s.ServerApplication [main] Started ServerApplication in 6.432 seconds (process running for 7.509)
2024-09-17 11:49:13,053 INFO o.a.c.c.C.[.[.[/] [http-nio-9090-exec-1] Initializing Spring DispatcherServlet 'dispatcherServlet'
2024-09-17 11:49:13,053 INFO o.s.w.s.DispatcherServlet [http-nio-9090-exec-1] Initializing Servlet 'dispatcherServlet'
2024-09-17 11:49:13,053 INFO o.s.w.s.DispatcherServlet [http-nio-9090-exec-1] Completed initialization in 0 ms
2024-09-17 11:50:07,612 WARN r.d.v.s.e.ErrorHandler [http-nio-9090-exec-3] Content-Type 'text/plain;charset=UTF-8' is not supported
org.springframework.web.HttpMediaTypeNotSupportedException: Content-Type 'text/plain;charset=UTF-8' is not supported
	at org.springframework.web.servlet.mvc.method.annotation.AbstractMessageConverterMethodArgumentResolver.readWithMessageConverters(AbstractMessageConverterMethodArgumentResolver.java:213)
	at org.springframework.web.servlet.mvc.method.annotation.RequestResponseBodyMethodProcessor.readWithMessageConverters(RequestResponseBodyMethodProcessor.java:161)
	at org.springframework.web.servlet.mvc.method.annotation.RequestResponseBodyMethodProcessor.resolveArgument(RequestResponseBodyMethodProcessor.java:135)
	at org.springframework.web.method.support.HandlerMethodArgumentResolverComposite.resolveArgument(HandlerMethodArgumentResolverComposite.java:122)
	at org.springframework.web.method.support.InvocableHandlerMethod.getMethodArgumentValues(InvocableHandlerMethod.java:224)
	at org.springframework.web.method.support.InvocableHandlerMethod.invokeForRequest(InvocableHandlerMethod.java:178)
	at org.springframework.web.servlet.mvc.method.annotation.ServletInvocableHandlerMethod.invokeAndHandle(ServletInvocableHandlerMethod.java:118)
	at org.springframework.web.servlet.mvc.method.annotation.RequestMappingHandlerAdapter.invokeHandlerMethod(RequestMappingHandlerAdapter.java:926)
	at org.springframework.web.servlet.mvc.method.annotation.RequestMappingHandlerAdapter.handleInternal(RequestMappingHandlerAdapter.java:831)
	at org.springframework.web.servlet.mvc.method.AbstractHandlerMethodAdapter.handle(AbstractHandlerMethodAdapter.java:87)
	at org.springframework.web.servlet.DispatcherServlet.doDispatch(DispatcherServlet.java:1089)
	at org.springframework.web.servlet.DispatcherServlet.doService(DispatcherServlet.java:979)
	at org.springframework.web.servlet.FrameworkServlet.processRequest(FrameworkServlet.java:1014)
	at org.springframework.web.servlet.FrameworkServlet.doPost(FrameworkServlet.java:914)
	at jakarta.servlet.http.HttpServlet.service(HttpServlet.java:590)
	at org.springframework.web.servlet.FrameworkServlet.service(FrameworkServlet.java:885)
	at jakarta.servlet.http.HttpServlet.service(HttpServlet.java:658)
	at org.apache.catalina.core.ApplicationFilterChain.internalDoFilter(ApplicationFilterChain.java:195)
	at org.apache.catalina.core.ApplicationFilterChain.doFilter(ApplicationFilterChain.java:140)
	at org.apache.tomcat.websocket.server.WsFilter.doFilter(WsFilter.java:51)
	at org.apache.catalina.core.ApplicationFilterChain.internalDoFilter(ApplicationFilterChain.java:164)
	at org.apache.catalina.core.ApplicationFilterChain.doFilter(ApplicationFilterChain.java:140)
	at org.zalando.logbook.servlet.LogbookFilter.doFilter(LogbookFilter.java:76)
	at org.zalando.logbook.servlet.HttpFilter.doFilter(HttpFilter.java:32)
	at org.apache.catalina.core.ApplicationFilterChain.internalDoFilter(ApplicationFilterChain.java:164)
	at org.apache.catalina.core.ApplicationFilterChain.doFilter(ApplicationFilterChain.java:140)
	at org.springframework.web.filter.RequestContextFilter.doFilterInternal(RequestContextFilter.java:100)
	at org.springframework.web.filter.OncePerRequestFilter.doFilter(OncePerRequestFilter.java:116)
	at org.apache.catalina.core.ApplicationFilterChain.internalDoFilter(ApplicationFilterChain.java:164)
	at org.apache.catalina.core.ApplicationFilterChain.doFilter(ApplicationFilterChain.java:140)
	at org.springframework.web.filter.FormContentFilter.doFilterInternal(FormContentFilter.java:93)
	at org.springframework.web.filter.OncePerRequestFilter.doFilter(OncePerRequestFilter.java:116)
	at org.apache.catalina.core.ApplicationFilterChain.internalDoFilter(ApplicationFilterChain.java:164)
	at org.apache.catalina.core.ApplicationFilterChain.doFilter(ApplicationFilterChain.java:140)
	at org.springframework.web.filter.CharacterEncodingFilter.doFilterInternal(CharacterEncodingFilter.java:201)
	at org.springframework.web.filter.OncePerRequestFilter.doFilter(OncePerRequestFilter.java:116)
	at org.apache.catalina.core.ApplicationFilterChain.internalDoFilter(ApplicationFilterChain.java:164)
	at org.apache.catalina.core.ApplicationFilterChain.doFilter(ApplicationFilterChain.java:140)
	at org.apache.catalina.core.StandardWrapperValve.invoke(StandardWrapperValve.java:167)
	at org.apache.catalina.core.StandardContextValve.invoke(StandardContextValve.java:90)
	at org.apache.catalina.authenticator.AuthenticatorBase.invoke(AuthenticatorBase.java:483)
	at org.apache.catalina.core.StandardHostValve.invoke(StandardHostValve.java:115)
	at org.apache.catalina.valves.ErrorReportValve.invoke(ErrorReportValve.java:93)
	at org.apache.catalina.core.StandardEngineValve.invoke(StandardEngineValve.java:74)
	at org.apache.catalina.connector.CoyoteAdapter.service(CoyoteAdapter.java:344)
	at org.apache.coyote.http11.Http11Processor.service(Http11Processor.java:389)
	at org.apache.coyote.AbstractProcessorLight.process(AbstractProcessorLight.java:63)
	at org.apache.coyote.AbstractProtocol$ConnectionHandler.process(AbstractProtocol.java:904)
	at org.apache.tomcat.util.net.NioEndpoint$SocketProcessor.doRun(NioEndpoint.java:1741)
	at org.apache.tomcat.util.net.SocketProcessorBase.run(SocketProcessorBase.java:52)
	at org.apache.tomcat.util.threads.ThreadPoolExecutor.runWorker(ThreadPoolExecutor.java:1190)
	at org.apache.tomcat.util.threads.ThreadPoolExecutor$Worker.run(ThreadPoolExecutor.java:659)
	at org.apache.tomcat.util.threads.TaskThread$WrappingRunnable.run(TaskThread.java:63)
	at java.base/java.lang.Thread.run(Thread.java:1570)
2024-09-17 18:50:16,633 INFO o.h.v.i.u.Version [background-preinit] HV000001: Hibernate Validator 8.0.1.Final
2024-09-17 18:50:17,001 INFO r.d.v.s.ServerApplication [main] Starting ServerApplication using Java 22.0.2 with PID 17876 (C:\Users\ksyyy\OneDrive\Рабочий стол\Y\DNS_vitrina\server\target\classes started by ksyyy in C:\Users\ksyyy\OneDrive\Рабочий стол\Y\DNS_vitrina)
2024-09-17 18:50:17,001 INFO r.d.v.s.ServerApplication [main] No active profile set, falling back to 1 default profile: "default"
2024-09-17 18:50:19,885 INFO o.s.b.w.e.t.TomcatWebServer [main] Tomcat initialized with port 9090 (http)
2024-09-17 18:50:19,901 INFO o.a.c.h.Http11NioProtocol [main] Initializing ProtocolHandler ["http-nio-9090"]
2024-09-17 18:50:19,901 INFO o.a.c.c.StandardService [main] Starting service [Tomcat]
2024-09-17 18:50:19,901 INFO o.a.c.c.StandardEngine [main] Starting Servlet engine: [Apache Tomcat/10.1.26]
2024-09-17 18:50:19,995 INFO o.a.c.c.C.[.[.[/] [main] Initializing Spring embedded WebApplicationContext
2024-09-17 18:50:19,995 INFO o.s.b.w.s.c.ServletWebServerApplicationContext [main] Root WebApplicationContext: initialization completed in 2858 ms
2024-09-17 18:50:20,395 INFO c.z.h.HikariDataSource [main] HikariPool-1 - Starting...
2024-09-17 18:50:20,845 INFO c.z.h.p.HikariPool [main] HikariPool-1 - Added connection conn0: url=jdbc:h2:file:./server/db/dnsDB user=SA
2024-09-17 18:50:20,845 INFO c.z.h.HikariDataSource [main] HikariPool-1 - Start completed.
2024-09-17 18:50:22,024 INFO o.a.c.h.Http11NioProtocol [main] Starting ProtocolHandler ["http-nio-9090"]
2024-09-17 18:50:22,055 INFO o.s.b.w.e.t.TomcatWebServer [main] Tomcat started on port 9090 (http) with context path '/'
2024-09-17 18:50:22,071 INFO r.d.v.s.ServerApplication [main] Started ServerApplication in 6.338 seconds (process running for 7.247)
2024-09-17 18:50:22,149 INFO o.a.c.c.C.[.[.[/] [http-nio-9090-exec-1] Initializing Spring DispatcherServlet 'dispatcherServlet'
2024-09-17 18:50:22,149 INFO o.s.w.s.DispatcherServlet [http-nio-9090-exec-1] Initializing Servlet 'dispatcherServlet'
2024-09-17 18:50:22,165 INFO o.s.w.s.DispatcherServlet [http-nio-9090-exec-1] Completed initialization in 16 ms
2024-09-17 21:51:18,632 INFO o.h.v.i.u.Version [background-preinit] HV000001: Hibernate Validator 8.0.1.Final
2024-09-17 21:51:19,316 INFO r.d.v.s.ServerApplication [main] Starting ServerApplication using Java 22.0.2 with PID 16120 (C:\Users\ksyyy\OneDrive\Рабочий стол\Y\DNS_vitrina\server\target\classes started by ksyyy in C:\Users\ksyyy\OneDrive\Рабочий стол\Y\DNS_vitrina)
2024-09-17 21:51:19,318 INFO r.d.v.s.ServerApplication [main] No active profile set, falling back to 1 default profile: "default"
2024-09-17 21:51:22,779 INFO o.s.b.w.e.t.TomcatWebServer [main] Tomcat initialized with port 9090 (http)
2024-09-17 21:51:22,811 INFO o.a.c.h.Http11NioProtocol [main] Initializing ProtocolHandler ["http-nio-9090"]
2024-09-17 21:51:22,823 INFO o.a.c.c.StandardService [main] Starting service [Tomcat]
2024-09-17 21:51:22,823 INFO o.a.c.c.StandardEngine [main] Starting Servlet engine: [Apache Tomcat/10.1.26]
2024-09-17 21:51:23,274 INFO o.a.c.c.C.[.[.[/] [main] Initializing Spring embedded WebApplicationContext
2024-09-17 21:51:23,274 INFO o.s.b.w.s.c.ServletWebServerApplicationContext [main] Root WebApplicationContext: initialization completed in 3873 ms
2024-09-17 21:51:23,914 INFO c.z.h.HikariDataSource [main] HikariPool-1 - Starting...
2024-09-17 21:51:24,530 INFO c.z.h.p.HikariPool [main] HikariPool-1 - Added connection conn0: url=jdbc:h2:file:./server/db/dnsDB user=SA
2024-09-17 21:51:24,533 INFO c.z.h.HikariDataSource [main] HikariPool-1 - Start completed.
2024-09-17 21:51:28,399 INFO o.a.c.h.Http11NioProtocol [main] Starting ProtocolHandler ["http-nio-9090"]
2024-09-17 21:51:28,523 INFO o.s.b.w.e.t.TomcatWebServer [main] Tomcat started on port 9090 (http) with context path '/'
2024-09-17 21:51:28,579 INFO r.d.v.s.ServerApplication [main] Started ServerApplication in 10.796 seconds (process running for 12.055)
2024-09-17 21:51:28,840 INFO o.a.c.c.C.[.[.[/] [http-nio-9090-exec-1] Initializing Spring DispatcherServlet 'dispatcherServlet'
2024-09-17 21:51:28,841 INFO o.s.w.s.DispatcherServlet [http-nio-9090-exec-1] Initializing Servlet 'dispatcherServlet'
2024-09-17 21:51:28,841 INFO o.s.w.s.DispatcherServlet [http-nio-9090-exec-1] Completed initialization in 0 ms
